make all --print-data-base --no-builtin-variables --no-builtin-rules --question
# GNU Make 3.81
# Copyright (C) 2006  Free Software Foundation, Inc.
# This is free software; see the source for copying conditions.
# There is NO warranty; not even for MERCHANTABILITY or FITNESS FOR A
# PARTICULAR PURPOSE.

# This program built for i386-apple-darwin11.3.0
 
make: *** No rule to make target `all'.  Stop.


# Make data base, printed on Sun Jun 26 17:12:52 2022

# Variables

# automatic
<D = $(patsubst %/,%,$(dir $<))
# environment
FLUME_HOME = /opt/homebrew/Cellar/flume/1.9.0_1/libexec
# automatic
?F = $(notdir $?)
# environment
PYSPARK_DRIVER_PYTHON = python
# environment
ELECTRON_NO_ATTACH_CONSOLE = 1
# environment
LC_CTYPE = UTF-8
# environment
VSCODE_LOG_NATIVE = false
# environment
NVM_INC = /Users/alansary/.nvm/versions/node/v15.12.0/include/node
# automatic
?D = $(patsubst %/,%,$(dir $?))
# environment
CPPFLAGS = -I/usr/local/opt/zlib/include -I/usr/local/opt/bzip2/include
# automatic
@D = $(patsubst %/,%,$(dir $@))
# automatic
@F = $(notdir $@)
# makefile
CURDIR := /Users/alansary/Data/Repositories/Data Structures and Algorithms
# makefile
SHELL = /bin/sh
# environment
CNG_PATH = /Users/alansary/contiki-ng
# environment
_ = /usr/bin/make
# environment
MAVEN_HOME = /usr/local/apache-maven-3.8.2
# makefile
MAKEFILE_LIST := 
# environment
VSCODE_NLS_CONFIG = {"locale":"en-us","availableLanguages":{},"_languagePackSupport":true}
# environment
VSCODE_VERBOSE_LOGGING = true
# environment
__CFBundleIdentifier = com.microsoft.VSCode
# environment
VSCODE_IPC_HOOK_EXTHOST = /var/folders/sf/v_klc2cd3tl5mpqx2zzw2l380000gn/T/vscode-ipc-22f7a43e-f50f-4c64-a242-c4c97a604b48.sock
# environment
VSCODE_CWD = /Users/alansary/Data/Repositories/Data Structures and Algorithms
# environment
PATH = /opt/R/arm64/bin:/usr/local/Cellar/pyenv-virtualenv/1.1.5/shims:/Users/alansary/.pyenv/shims:/usr/local/bin:/Users/alansary/.pyenv/bin:/opt/homebrew/Cellar/qt@5/5.15.2/bin:/opt/homebrew/Cellar/apache-spark/3.2.0/bin:/Users/alansary/.nvm/versions/node/v15.12.0/bin:/opt/homebrew/bin:/usr/local/bin:/opt/R/arm64/bin:/usr/local/Cellar/pyenv-virtualenv/1.1.5/shims:/usr/local/bin:/Users/alansary/.pyenv/bin:/opt/homebrew/Cellar/qt@5/5.15.2/bin:/opt/homebrew/Cellar/apache-spark/3.2.0/bin:/Users/alansary/.nvm/versions/node/v15.12.0/bin:/opt/homebrew/bin:/usr/local/bin:/opt/R/arm64/bin:/usr/local/Cellar/pyenv-virtualenv/1.1.5/shims:/usr/local/bin:/Users/alansary/.pyenv/bin:/opt/homebrew/Cellar/qt@5/5.15.2/bin:/opt/homebrew/Cellar/apache-spark/3.2.0/bin:/Users/alansary/.nvm/versions/node/v15.12.0/bin:/opt/homebrew/bin:/usr/local/bin:/opt/R/arm64/bin:/usr/local/Cellar/pyenv-virtualenv/1.1.5/shims:/usr/local/bin:/Users/alansary/.pyenv/bin:/opt/homebrew/Cellar/qt@5/5.15.2/bin:/opt/homebrew/Cellar/apache-spark/3.2.0/bin:/Users/alansary/.nvm/versions/node/v15.12.0/bin:/opt/homebrew/bin:/usr/local/bin:/opt/R/arm64/bin:/usr/local/Cellar/pyenv-virtualenv/1.1.5/shims:/usr/local/bin:/Users/alansary/.pyenv/bin:/opt/homebrew/Cellar/qt@5/5.15.2/bin:/opt/homebrew/Cellar/apache-spark/3.2.0/bin:/Users/alansary/.nvm/versions/node/v15.12.0/bin:/opt/homebrew/bin:/usr/local/bin:/Users/alansary/miniforge3/bin:/Users/alansary/miniforge3/condabin:/opt/R/arm64/bin:/usr/local/Cellar/pyenv-virtualenv/1.1.5/shims:/usr/local/bin:/Users/alansary/.pyenv/bin:/opt/homebrew/Cellar/qt@5/5.15.2/bin:/opt/homebrew/Cellar/apache-spark/3.2.0/bin:/Users/alansary/.nvm/versions/node/v15.12.0/bin:/opt/homebrew/bin:/usr/local/bin:/opt/local/bin:/opt/local/sbin:/Library/Frameworks/Python.framework/Versions/3.9/bin:/usr/local/bin:/usr/bin:/bin:/usr/sbin:/sbin:/Users/alansary/.cargo/bin:/Users/alansary/go/bin:/Users/alansary/Development/flutter/bin:/FLUME_HOME/bin:/usr/local/Cellar/sqoop/1.4.7/libexec/bin://usr/local/Cellar/hive/3.1.2_3/libexec/bin://opt/homebrew/Cellar/mysql/8.0.23_1/bin:/usr/local/apache-maven-3.8.2/bin:/Users/alansary/.composer/vendor/bin:/Users/alansary/go/bin:/Users/alansary/Development/flutter/bin:/FLUME_HOME/bin:/usr/local/Cellar/sqoop/1.4.7/libexec/bin://usr/local/Cellar/hive/3.1.2_3/libexec/bin://opt/homebrew/Cellar/mysql/8.0.23_1/bin:/usr/local/apache-maven-3.8.2/bin:/Users/alansary/.composer/vendor/bin:/Users/alansary/go/bin:/Users/alansary/Development/flutter/bin:/FLUME_HOME/bin:/usr/local/Cellar/sqoop/1.4.7/libexec/bin://usr/local/Cellar/hive/3.1.2_3/libexec/bin://opt/homebrew/Cellar/mysql/8.0.23_1/bin:/usr/local/apache-maven-3.8.2/bin:/Users/alansary/.composer/vendor/bin:/Users/alansary/go/bin:/Users/alansary/Development/flutter/bin:/FLUME_HOME/bin:/usr/local/Cellar/sqoop/1.4.7/libexec/bin://usr/local/Cellar/hive/3.1.2_3/libexec/bin://opt/homebrew/Cellar/mysql/8.0.23_1/bin:/usr/local/apache-maven-3.8.2/bin:/Users/alansary/.composer/vendor/bin:/Users/alansary/go/bin:/Users/alansary/Development/flutter/bin:/FLUME_HOME/bin:/usr/local/Cellar/sqoop/1.4.7/libexec/bin://usr/local/Cellar/hive/3.1.2_3/libexec/bin://opt/homebrew/Cellar/mysql/8.0.23_1/bin:/usr/local/apache-maven-3.8.2/bin:/Users/alansary/.composer/vendor/bin:/Users/alansary/go/bin:/Users/alansary/Development/flutter/bin:/FLUME_HOME/bin:/usr/local/Cellar/sqoop/1.4.7/libexec/bin://usr/local/Cellar/hive/3.1.2_3/libexec/bin://opt/homebrew/Cellar/mysql/8.0.23_1/bin:/usr/local/apache-maven-3.8.2/bin:/Users/alansary/.composer/vendor/bin
# environment
MINIKUBE_ACTIVE_DOCKERD = minikube
# environment
NVM_BIN = /Users/alansary/.nvm/versions/node/v15.12.0/bin
# environment
VSCODE_LOG_STACK = false
# environment
ELECTRON_RUN_AS_NODE = 1
# environment
LDFLAGS = -L/usr/local/opt/zlib/lib -L/usr/local/opt/bzip2/lib
# default
.FEATURES := target-specific order-only second-expansion else-if archives jobserver check-symlink
# environment
SSH_AUTH_SOCK = /private/tmp/com.apple.launchd.9JiEy5958e/Listeners
# automatic
%F = $(notdir $%)
# environment
DISPLAY = /private/tmp/com.apple.launchd.SFDw9pEM24/org.xquartz:0
# environment
CONDA_EXE = /Users/alansary/miniforge3/bin/conda
# environment
VSCODE_PIPE_LOGGING = true
# environment
HOME = /Users/alansary
# environment
PWD = /Users/alansary/Data/Repositories/Data Structures and Algorithms
# environment
ORIGINAL_XDG_CURRENT_DESKTOP = undefined
# environment
SQOOP_HOME = /usr/local/Cellar/sqoop/1.4.7/libexec
# environment
VSCODE_AMD_ENTRYPOINT = vs/workbench/api/node/extensionHostProcess
# environment
PYENV_SHELL = zsh
# environment
HIVE_HOME = /usr/local/Cellar/hive/3.1.2_3/libexec
# default
MAKEFILEPATH := /Applications/Xcode.app/Contents/Developer/Makefiles
# environment
VSCODE_CLI = 1
# environment
VSCODE_CODE_CACHE_PATH = /Users/alansary/Library/Application Support/Code/CachedData/30d9c6cd9483b2cc586687151bcbcd635f373630
# environment
LOGNAME = alansary
# environment
APPLICATION_INSIGHTS_NO_DIAGNOSTIC_CHANNEL = 1
# environment
CONDA_PROMPT_MODIFIER = (base) 
# environment
NVM_CD_FLAGS = -q
# environment
VSCODE_HANDLES_UNCAUGHT_ERRORS = true
# automatic
^D = $(patsubst %/,%,$(dir $^))
# environment
CONDA_DEFAULT_ENV = base
# environment
XPC_FLAGS = 0x0
# default
MAKE = $(MAKE_COMMAND)
# default
MAKECMDGOALS := all
# environment
SHLVL = 8
# environment
JAVA_HOME = /Library/Java/JavaVirtualMachines/zulu-8.jdk/Contents/Home/
# default
MAKE_VERSION := 3.81
# environment
USER = alansary
# makefile
.DEFAULT_GOAL := 
# environment
TERM_SESSION_ID = 76A2BE8C-C26F-43E3-BCA9-655C47C56E22
# environment
CLASSPATH = :/FLUME_HOME/lib/*:/FLUME_HOME/lib/*:/FLUME_HOME/lib/*:/FLUME_HOME/lib/*:/FLUME_HOME/lib/*:/FLUME_HOME/lib/*
# automatic
%D = $(patsubst %/,%,$(dir $%))
# environment
CONDA_SHLVL = 1
# default
MAKE_COMMAND := /Applications/Xcode.app/Contents/Developer/usr/bin/make
# environment
TERM_PROGRAM = Apple_Terminal
# default
.VARIABLES := 
# environment
TMPDIR = /var/folders/sf/v_klc2cd3tl5mpqx2zzw2l380000gn/T/
# automatic
*F = $(notdir $*)
# environment
VSCODE_IPC_HOOK = /Users/alansary/Library/Application Support/Code/1.68.1-main.sock
# environment
SPARK_HOME = /opt/homebrew/Cellar/apache-spark/3.2.0/libexec
# makefile
MAKEFLAGS = Rrqp
# environment
MFLAGS = -Rrqp
# automatic
*D = $(patsubst %/,%,$(dir $*))
# environment
TERM_PROGRAM_VERSION = 444
# environment
NVM_DIR = /Users/alansary/.nvm
# environment
XPC_SERVICE_NAME = application.com.microsoft.VSCode.58218883.58218891.B91DC285-81AC-4FDF-BE30-0FA11E52FD65
# automatic
+D = $(patsubst %/,%,$(dir $+))
# environment
PYSPARK_PYTHON = /usr/local/bin/python3
# automatic
+F = $(notdir $+)
# environment
__CF_USER_TEXT_ENCODING = 0x1F5:0x0:0x0
# environment
COMMAND_MODE = unix2003
# default
MAKEFILES := 
# automatic
<F = $(notdir $<)
# environment
 
DOCKER_TLS_VERIFY = 1
# environment
LC_ALL = C
# environment
CONDA_PYTHON_EXE = /Users/alansary/miniforge3/bin/python
# automatic
^F = $(notdir $^)
# default
SUFFIXES := 
# environment
_CE_M = 
# environment
PYENV_VIRTUALENV_INIT = 1
# default
.INCLUDE_DIRS = /usr/local/include
# environment
MAKELEVEL := 0
# environment
DOCKER_CERT_PATH = /Users/alansary/.minikube/certs
# environment
CONDA_PREFIX = /Users/alansary/miniforge3
# environment
TERM = xterm-256color
# environment
DOCKER_HOST = tcp://127.0.0.1:61241
# environment
VSCODE_PID = 19225
# environment
_CE_CONDA = 
# environment
LANG = C
# variable set hash-table stats:
# Load=100/1024=10%, Rehash=0, Collisions=4/121=3%

# Pattern-specific Variable Values

# No pattern-specific variable values.

# Directories

# . (device 16777229, inode 49049119): 25 files, no impossibilities.

# 25 files, no impossibilities in 1 directories.

# Implicit Rules

# No implicit rules.

# Files

# Not a target:
all:
#  Command-line target.
#  Implicit rule search has been done.
#  File does not exist.
#  File has not been updated.
# variable set hash-table stats:
# Load=0/32=0%, Rehash=0, Collisions=0/0=0%

# Not a target:
.SUFFIXES:
#  Implicit rule search has not been done.
#  Modification time never checked.
#  File has not been updated.

# Not a target:
Makefile:
#  A default, MAKEFILES, or -include/sinclude makefile.
#  Implicit rule search has been done.
#  File does not exist.
#  File has been updated.
#  Failed to be updated.
# variable set hash-table stats:
# Load=0/32=0%, Rehash=0, Collisions=0/0=0%

# Not a target:
makefile:
#  A default, MAKEFILES, or -include/sinclude makefile.
#  Implicit rule search has been done.
#  File does not exist.
#  File has been updated.
#  Failed to be updated.
# variable set hash-table stats:
# Load=0/32=0%, Rehash=0, Collisions=0/0=0%

# Not a target:
.DEFAULT:
#  Implicit rule search has not been done.
#  Modification time never checked.
#  File has not been updated.

# Not a target:
GNUmakefile:
#  A default, MAKEFILES, or -include/sinclude makefile.
#  Implicit rule search has been done.
#  File does not exist.
#  File has been updated.
#  Failed to be updated.
# variable set hash-table stats:
# Load=0/32=0%, Rehash=0, Collisions=0/0=0%

# files hash-table stats:
# Load=6/1024=1%, Rehash=0, Collisions=0/17=0%
# VPATH Search Paths

# No `vpath' search paths.

# No general (`VPATH' variable) search path.

# # of strings in strcache: 0
# # of strcache buffers: 0
# strcache size: total = 0 / max = 0 / min = 4096 / avg = 0
# strcache free: total = 0 / max = 0 / min = 4096 / avg = 0

# Finished Make data base on Sun Jun 26 17:12:52 2022

 
